** WARNING ** io features related to ensenso will be disabled
** WARNING ** io features related to davidSDK will be disabled
** WARNING ** io features related to dssdk will be disabled
** WARNING ** io features related to pcap will be disabled
** WARNING ** io features related to png will be disabled
** WARNING ** io features related to libusb-1.0 will be disabled
** WARNING ** visualization features related to ensenso will be disabled
** WARNING ** visualization features related to davidSDK will be disabled
** WARNING ** visualization features related to dssdk will be disabled
** WARNING ** visualization features related to rssdk will be disabled
[31m[1mCMake Error[0m at /home/isaac/uav_avoidance/src/avoidance/global_planner/CMakeLists.txt:24 (find_package):
  By not providing "Findoctomap.cmake" in CMAKE_MODULE_PATH this project has
  asked CMake to find a package configuration file provided by "octomap", but
  CMake did not find one.

  Could not find a package configuration file provided by "octomap" with any
  of the following names:

    octomapConfig.cmake
    octomap-config.cmake

  Add the installation prefix of "octomap" to CMAKE_PREFIX_PATH or set
  "octomap_DIR" to a directory containing one of the above files.  If
  "octomap" provides a separate development package or SDK, be sure it has
  been installed.


make: *** [cmake_check_build_system] Error 1
