[35m[1mScanning dependencies of target std_msgs_generate_messages_eus[0m
[35m[1mScanning dependencies of target _global_planner_generate_messages_check_deps_PathWithRiskMsg[0m
[35m[1mScanning dependencies of target geometry_msgs_generate_messages_eus[0m
[  0%] Built target std_msgs_generate_messages_eus
[  0%] Built target geometry_msgs_generate_messages_eus
[35m[1mScanning dependencies of target std_msgs_generate_messages_py[0m
[35m[1mScanning dependencies of target geometry_msgs_generate_messages_py[0m
[  0%] Built target _global_planner_generate_messages_check_deps_PathWithRiskMsg
[  0%] Built target geometry_msgs_generate_messages_py
[  0%] Built target std_msgs_generate_messages_py
[35m[1mScanning dependencies of target std_msgs_generate_messages_cpp[0m
[35m[1mScanning dependencies of target std_msgs_generate_messages_lisp[0m
[35m[1mScanning dependencies of target geometry_msgs_generate_messages_cpp[0m
[35m[1mScanning dependencies of target geometry_msgs_generate_messages_lisp[0m
[35m[1mScanning dependencies of target geometry_msgs_generate_messages_nodejs[0m
[  0%] Built target std_msgs_generate_messages_cpp
[35m[1mScanning dependencies of target std_msgs_generate_messages_nodejs[0m
[  0%] Built target geometry_msgs_generate_messages_cpp
[  0%] Built target std_msgs_generate_messages_lisp
[  0%] Built target geometry_msgs_generate_messages_lisp
[35m[1mScanning dependencies of target global_planner_gencfg[0m
[  0%] Built target geometry_msgs_generate_messages_nodejs
[  0%] Built target std_msgs_generate_messages_nodejs
[35m[1mScanning dependencies of target std_srvs_generate_messages_py[0m
[35m[1mScanning dependencies of target visualization_msgs_generate_messages_py[0m
[  6%] [34m[1mGenerating dynamic reconfigure files from cfg/GlobalPlannerNode.cfg: /home/isaac/uav_avoidance/devel/.private/global_planner/include/global_planner/GlobalPlannerNodeConfig.h /home/isaac/uav_avoidance/devel/.private/global_planner/lib/python2.7/dist-packages/global_planner/cfg/GlobalPlannerNodeConfig.py[0m
[  6%] Built target std_srvs_generate_messages_py
[35m[1mScanning dependencies of target visualization_msgs_generate_messages_nodejs[0m
[  6%] Built target visualization_msgs_generate_messages_py
[35m[1mScanning dependencies of target visualization_msgs_generate_messages_eus[0m
[  6%] Built target visualization_msgs_generate_messages_nodejs
[35m[1mScanning dependencies of target trajectory_msgs_generate_messages_py[0m
[35m[1mScanning dependencies of target trajectory_msgs_generate_messages_cpp[0m
[35m[1mScanning dependencies of target nav_msgs_generate_messages_nodejs[0m
[35m[1mScanning dependencies of target trajectory_msgs_generate_messages_eus[0m
[35m[1mScanning dependencies of target diagnostic_msgs_generate_messages_py[0m
[  6%] Built target visualization_msgs_generate_messages_eus
[  6%] Built target trajectory_msgs_generate_messages_py
[35m[1mScanning dependencies of target diagnostic_msgs_generate_messages_nodejs[0m
[  6%] Built target nav_msgs_generate_messages_nodejs
[  6%] Built target trajectory_msgs_generate_messages_cpp
[  6%] Built target trajectory_msgs_generate_messages_eus
[  6%] Built target diagnostic_msgs_generate_messages_py
[35m[1mScanning dependencies of target diagnostic_msgs_generate_messages_lisp[0m
Generating reconfiguration files for GlobalPlannerNode in global_planner
[  6%] Built target diagnostic_msgs_generate_messages_nodejs
[35m[1mScanning dependencies of target diagnostic_msgs_generate_messages_eus[0m
Wrote header file in /home/isaac/uav_avoidance/devel/.private/global_planner/include/global_planner/GlobalPlannerNodeConfig.h
[  6%] Built target diagnostic_msgs_generate_messages_eus
[  6%] Built target diagnostic_msgs_generate_messages_lisp
[35m[1mScanning dependencies of target uuid_msgs_generate_messages_nodejs[0m
[35m[1mScanning dependencies of target uuid_msgs_generate_messages_lisp[0m
[  6%] Built target global_planner_gencfg
[35m[1mScanning dependencies of target uuid_msgs_generate_messages_eus[0m
[35m[1mScanning dependencies of target uuid_msgs_generate_messages_cpp[0m
[  6%] Built target uuid_msgs_generate_messages_lisp
[  6%] Built target uuid_msgs_generate_messages_nodejs
[35m[1mScanning dependencies of target geographic_msgs_generate_messages_lisp[0m
[  6%] Built target uuid_msgs_generate_messages_eus
[  6%] Built target uuid_msgs_generate_messages_cpp
[35m[1mScanning dependencies of target geographic_msgs_generate_messages_eus[0m
[  6%] Built target geographic_msgs_generate_messages_lisp
[35m[1mScanning dependencies of target geographic_msgs_generate_messages_cpp[0m
[35m[1mScanning dependencies of target mavros_msgs_generate_messages_py[0m
[  6%] Built target geographic_msgs_generate_messages_eus
[  6%] Built target geographic_msgs_generate_messages_cpp
[  6%] Built target mavros_msgs_generate_messages_py
[35m[1mScanning dependencies of target mavros_msgs_generate_messages_nodejs[0m
[35m[1mScanning dependencies of target mavros_msgs_generate_messages_eus[0m
[  6%] Built target mavros_msgs_generate_messages_nodejs
[35m[1mScanning dependencies of target mavros_msgs_generate_messages_cpp[0m
[35m[1mScanning dependencies of target topic_tools_generate_messages_nodejs[0m
[35m[1mScanning dependencies of target topic_tools_generate_messages_lisp[0m
[  6%] Built target mavros_msgs_generate_messages_eus
[  6%] Built target mavros_msgs_generate_messages_cpp
[  6%] Built target topic_tools_generate_messages_lisp
[  6%] Built target topic_tools_generate_messages_nodejs
[35m[1mScanning dependencies of target topic_tools_generate_messages_eus[0m
[35m[1mScanning dependencies of target topic_tools_generate_messages_cpp[0m
[  6%] Built target topic_tools_generate_messages_eus
[  6%] Built target topic_tools_generate_messages_cpp
[35m[1mScanning dependencies of target dynamic_reconfigure_generate_messages_py[0m
[35m[1mScanning dependencies of target dynamic_reconfigure_generate_messages_lisp[0m
[  6%] Built target dynamic_reconfigure_generate_messages_py
[35m[1mScanning dependencies of target pcl_msgs_generate_messages_cpp[0m
[35m[1mScanning dependencies of target rosgraph_msgs_generate_messages_cpp[0m
[  6%] Built target dynamic_reconfigure_generate_messages_lisp
[35m[1mScanning dependencies of target dynamic_reconfigure_generate_messages_eus[0m
[  6%] Built target pcl_msgs_generate_messages_cpp
[  6%] Built target dynamic_reconfigure_generate_messages_eus
[  6%] Built target rosgraph_msgs_generate_messages_cpp
[35m[1mScanning dependencies of target tf_generate_messages_nodejs[0m
[35m[1mScanning dependencies of target bond_generate_messages_lisp[0m
[35m[1mScanning dependencies of target nav_msgs_generate_messages_cpp[0m
[35m[1mScanning dependencies of target sensor_msgs_generate_messages_lisp[0m
[35m[1mScanning dependencies of target uuid_msgs_generate_messages_py[0m
[  6%] Built target tf_generate_messages_nodejs
[  6%] Built target bond_generate_messages_lisp
[  6%] Built target nav_msgs_generate_messages_cpp
[  6%] Built target sensor_msgs_generate_messages_lisp
[  6%] Built target uuid_msgs_generate_messages_py
[35m[1mScanning dependencies of target geographic_msgs_generate_messages_py[0m
[35m[1mScanning dependencies of target sensor_msgs_generate_messages_nodejs[0m
[35m[1mScanning dependencies of target roscpp_generate_messages_cpp[0m
[  6%] Built target geographic_msgs_generate_messages_py
[  6%] Built target sensor_msgs_generate_messages_nodejs
[35m[1mScanning dependencies of target actionlib_generate_messages_cpp[0m
[  6%] Built target roscpp_generate_messages_cpp
[35m[1mScanning dependencies of target tf_generate_messages_lisp[0m
[  6%] Built target actionlib_generate_messages_cpp
[35m[1mScanning dependencies of target std_srvs_generate_messages_eus[0m
[35m[1mScanning dependencies of target roscpp_generate_messages_lisp[0m
[  6%] Built target tf_generate_messages_lisp
[35m[1mScanning dependencies of target bond_generate_messages_eus[0m
[35m[1mScanning dependencies of target roscpp_generate_messages_nodejs[0m
[  6%] Built target std_srvs_generate_messages_eus
[35m[1mScanning dependencies of target roscpp_generate_messages_py[0m
[35m[1mScanning dependencies of target trajectory_msgs_generate_messages_lisp[0m
[  6%] Built target bond_generate_messages_eus
[  6%] Built target roscpp_generate_messages_lisp
[35m[1mScanning dependencies of target dynamic_reconfigure_generate_messages_nodejs[0m
[  6%] Built target roscpp_generate_messages_nodejs
[35m[1mScanning dependencies of target bond_generate_messages_cpp[0m
[  6%] Built target roscpp_generate_messages_py
[  6%] Built target trajectory_msgs_generate_messages_lisp
[  6%] Built target dynamic_reconfigure_generate_messages_nodejs
[35m[1mScanning dependencies of target rosgraph_msgs_generate_messages_lisp[0m
[35m[1mScanning dependencies of target rosgraph_msgs_generate_messages_eus[0m
[35m[1mScanning dependencies of target dynamic_reconfigure_generate_messages_cpp[0m
[  6%] Built target bond_generate_messages_cpp
[  6%] Built target rosgraph_msgs_generate_messages_lisp
[  6%] Built target dynamic_reconfigure_generate_messages_cpp
[  6%] Built target rosgraph_msgs_generate_messages_eus
[35m[1mScanning dependencies of target tf_generate_messages_py[0m
[35m[1mScanning dependencies of target nodelet_generate_messages_py[0m
[35m[1mScanning dependencies of target sensor_msgs_generate_messages_py[0m
[35m[1mScanning dependencies of target visualization_msgs_generate_messages_lisp[0m
[  6%] Built target tf_generate_messages_py
[35m[1mScanning dependencies of target mavros_msgs_generate_messages_lisp[0m
[35m[1mScanning dependencies of target rosgraph_msgs_generate_messages_nodejs[0m
[  6%] Built target nodelet_generate_messages_py
[  6%] Built target sensor_msgs_generate_messages_py
[  6%] Built target rosgraph_msgs_generate_messages_nodejs
[35m[1mScanning dependencies of target sensor_msgs_generate_messages_cpp[0m
[  6%] Built target mavros_msgs_generate_messages_lisp
[  6%] Built target visualization_msgs_generate_messages_lisp
[35m[1mScanning dependencies of target sensor_msgs_generate_messages_eus[0m
[35m[1mScanning dependencies of target actionlib_generate_messages_lisp[0m
[  6%] Built target sensor_msgs_generate_messages_cpp
[35m[1mScanning dependencies of target nodelet_generate_messages_cpp[0m
[35m[1mScanning dependencies of target bond_generate_messages_py[0m
[35m[1mScanning dependencies of target std_srvs_generate_messages_nodejs[0m
[35m[1mScanning dependencies of target pcl_ros_gencfg[0m
[35m[1mScanning dependencies of target tf_generate_messages_eus[0m
[  6%] Built target sensor_msgs_generate_messages_eus
[35m[1mScanning dependencies of target actionlib_msgs_generate_messages_cpp[0m
[  6%] Built target actionlib_generate_messages_lisp
[  6%] Built target nodelet_generate_messages_cpp
[  6%] Built target pcl_ros_gencfg
[  6%] Built target std_srvs_generate_messages_nodejs
[  6%] Built target bond_generate_messages_py
[  6%] Built target tf_generate_messages_eus
[  6%] Built target actionlib_msgs_generate_messages_cpp
[35m[1mScanning dependencies of target std_srvs_generate_messages_cpp[0m
[35m[1mScanning dependencies of target rosgraph_msgs_generate_messages_py[0m
[35m[1mScanning dependencies of target actionlib_msgs_generate_messages_eus[0m
[35m[1mScanning dependencies of target nodelet_generate_messages_lisp[0m
[35m[1mScanning dependencies of target roscpp_generate_messages_eus[0m
[35m[1mScanning dependencies of target actionlib_msgs_generate_messages_lisp[0m
[35m[1mScanning dependencies of target actionlib_msgs_generate_messages_py[0m
[35m[1mScanning dependencies of target tf2_msgs_generate_messages_cpp[0m
[  6%] Built target std_srvs_generate_messages_cpp
[  6%] Built target roscpp_generate_messages_eus
[  6%] Built target actionlib_msgs_generate_messages_eus
[  6%] Built target rosgraph_msgs_generate_messages_py
[  6%] Built target nodelet_generate_messages_lisp
[  6%] Built target actionlib_msgs_generate_messages_py
[  6%] Built target actionlib_msgs_generate_messages_lisp
[35m[1mScanning dependencies of target visualization_msgs_generate_messages_cpp[0m
[  6%] Built target tf2_msgs_generate_messages_cpp
[35m[1mScanning dependencies of target tf2_msgs_generate_messages_eus[0m
[35m[1mScanning dependencies of target nav_msgs_generate_messages_py[0m
[35m[1mScanning dependencies of target nav_msgs_generate_messages_eus[0m
[35m[1mScanning dependencies of target actionlib_generate_messages_py[0m
[35m[1mScanning dependencies of target dynamic_reconfigure_gencfg[0m
[35m[1mScanning dependencies of target tf2_msgs_generate_messages_lisp[0m
[  6%] Built target tf2_msgs_generate_messages_eus
[35m[1mScanning dependencies of target tf2_msgs_generate_messages_py[0m
[  6%] Built target nav_msgs_generate_messages_eus
[  6%] Built target visualization_msgs_generate_messages_cpp
[  6%] Built target nav_msgs_generate_messages_py
[  6%] Built target actionlib_generate_messages_py
[  6%] Built target dynamic_reconfigure_gencfg
[  6%] Built target tf2_msgs_generate_messages_py
[35m[1mScanning dependencies of target tf2_msgs_generate_messages_nodejs[0m
[  6%] Built target tf2_msgs_generate_messages_lisp
[35m[1mScanning dependencies of target nodelet_generate_messages_eus[0m
[35m[1mScanning dependencies of target nodelet_generate_messages_nodejs[0m
[35m[1mScanning dependencies of target trajectory_msgs_generate_messages_nodejs[0m
[35m[1mScanning dependencies of target bond_generate_messages_nodejs[0m
[35m[1mScanning dependencies of target nav_msgs_generate_messages_lisp[0m
[35m[1mScanning dependencies of target pcl_msgs_generate_messages_nodejs[0m
[35m[1mScanning dependencies of target topic_tools_generate_messages_py[0m
[  6%] Built target tf2_msgs_generate_messages_nodejs
[35m[1mScanning dependencies of target actionlib_msgs_generate_messages_nodejs[0m
[  6%] Built target nodelet_generate_messages_eus
[  6%] Built target trajectory_msgs_generate_messages_nodejs
[  6%] Built target nodelet_generate_messages_nodejs
[  6%] Built target bond_generate_messages_nodejs
[  6%] Built target pcl_msgs_generate_messages_nodejs
[  6%] Built target nav_msgs_generate_messages_lisp
[  6%] Built target actionlib_msgs_generate_messages_nodejs
[  6%] Built target topic_tools_generate_messages_py
[35m[1mScanning dependencies of target pcl_msgs_generate_messages_eus[0m
[35m[1mScanning dependencies of target tf_generate_messages_cpp[0m
[35m[1mScanning dependencies of target actionlib_generate_messages_nodejs[0m
[35m[1mScanning dependencies of target std_srvs_generate_messages_lisp[0m
[35m[1mScanning dependencies of target pcl_msgs_generate_messages_lisp[0m
[35m[1mScanning dependencies of target nodelet_topic_tools_gencfg[0m
[  6%] Built target pcl_msgs_generate_messages_eus
[  6%] Built target tf_generate_messages_cpp
[  6%] Built target pcl_msgs_generate_messages_lisp
[  6%] Built target std_srvs_generate_messages_lisp
[  6%] Built target actionlib_generate_messages_nodejs
[  6%] Built target nodelet_topic_tools_gencfg
[35m[1mScanning dependencies of target diagnostic_msgs_generate_messages_cpp[0m
[35m[1mScanning dependencies of target pcl_msgs_generate_messages_py[0m
[35m[1mScanning dependencies of target actionlib_generate_messages_eus[0m
[35m[1mScanning dependencies of target geographic_msgs_generate_messages_nodejs[0m
[  6%] Built target diagnostic_msgs_generate_messages_cpp
[  6%] Built target pcl_msgs_generate_messages_py
[  6%] Built target actionlib_generate_messages_eus
[  6%] Built target geographic_msgs_generate_messages_nodejs
[35m[1mScanning dependencies of target global_planner_generate_messages_eus[0m
[35m[1mScanning dependencies of target global_planner_generate_messages_py[0m
[35m[1mScanning dependencies of target global_planner_generate_messages_cpp[0m
[ 13%] [34m[1mGenerating EusLisp code from global_planner/PathWithRiskMsg.msg[0m
[35m[1mScanning dependencies of target global_planner_generate_messages_lisp[0m
[ 20%] [34m[1mGenerating C++ code from global_planner/PathWithRiskMsg.msg[0m
[ 26%] [34m[1mGenerating Python from MSG global_planner/PathWithRiskMsg[0m
[ 33%] [34m[1mGenerating Lisp code from global_planner/PathWithRiskMsg.msg[0m
[ 33%] Built target global_planner_generate_messages_lisp
[ 40%] [34m[1mGenerating EusLisp manifest code for global_planner[0m
[35m[1mScanning dependencies of target global_planner_generate_messages_nodejs[0m
[ 53%] [34m[1mGenerating Javascript code from global_planner/PathWithRiskMsg.msg[0m
[ 53%] [34m[1mGenerating Python msg __init__.py for global_planner[0m
[ 53%] Built target global_planner_generate_messages_cpp
[ 53%] Built target global_planner_generate_messages_nodejs
[ 53%] Built target global_planner_generate_messages_py
[ 53%] Built target global_planner_generate_messages_eus
[35m[1mScanning dependencies of target global_planner_generate_messages[0m
[ 53%] Built target global_planner_generate_messages
[35m[1mScanning dependencies of target global_planner[0m
[ 60%] [32mBuilding CXX object CMakeFiles/global_planner.dir/src/library/cell.cpp.o[0m
[ 66%] [32mBuilding CXX object CMakeFiles/global_planner.dir/src/library/node.cpp.o[0m
[ 73%] [32mBuilding CXX object CMakeFiles/global_planner.dir/src/library/global_planner.cpp.o[0m
[ 80%] [32mBuilding CXX object CMakeFiles/global_planner.dir/src/nodes/global_planner_node.cpp.o[0m
In file included from [01m[K/opt/ros/melodic/include/ros/ros.h:40:0[m[K,
                 from [01m[K/opt/ros/melodic/include/pcl_conversions/pcl_conversions.h:42[m[K,
                 from [01m[K/home/isaac/uav_avoidance/src/avoidance/global_planner/include/global_planner/global_planner_node.h:16[m[K,
                 from [01m[K/home/isaac/uav_avoidance/src/avoidance/global_planner/src/nodes/global_planner_node.cpp:1[m[K:
[01m[K/home/isaac/uav_avoidance/src/avoidance/global_planner/src/nodes/global_planner_node.cpp:[m[K In member function ‘[01m[Kvoid global_planner::GlobalPlannerNode::depthCameraCallback(const PointCloud2&)[m[K’:
[01m[K/opt/ros/melodic/include/ros/console.h:348:176:[m[K [01;35m[Kwarning: [m[Kformat ‘[01m[K%s[m[K’ expects argument of type ‘[01m[Kchar*[m[K’, but argument 8 has type ‘[01m[Kstd::__cxx11::string {aka std::__cxx11::basic_string<char>}[m[K’ [[01;35m[K-Wformat=[m[K]
     ::ros::console::print(filter, __rosconsole_define_location__loc.logger_, __rosconsole_define_location__loc.level_, __FILE__, __LINE__, __ROSCONSOLE_FUNCTION__, __VA_ARGS__[01;35m[K)[m[K
                                                                                                                                                                                [01;35m[K^[m[K
[01m[K/opt/ros/melodic/include/ros/console.h:351:5:[m[K [01;36m[Knote: [m[Kin expansion of macro ‘[01m[KROSCONSOLE_PRINT_AT_LOCATION_WITH_FILTER[m[K’
     [01;36m[KROSCONSOLE_PRINT_AT_LOCATION_WITH_FILTER[m[K(NULL, __VA_ARGS__)
     [01;36m[K^~~~~~~~~~~~~~~~~~~~~~~~~~~~~~~~~~~~~~~~[m[K
[01m[K/opt/ros/melodic/include/ros/console.h:387:7:[m[K [01;36m[Knote: [m[Kin expansion of macro ‘[01m[KROSCONSOLE_PRINT_AT_LOCATION[m[K’
       [01;36m[KROSCONSOLE_PRINT_AT_LOCATION[m[K(__VA_ARGS__); \
       [01;36m[K^~~~~~~~~~~~~~~~~~~~~~~~~~~~[m[K
[01m[K/opt/ros/melodic/include/ros/console.h:572:35:[m[K [01;36m[Knote: [m[Kin expansion of macro ‘[01m[KROS_LOG_COND[m[K’
 #define ROS_LOG(level, name, ...) [01;36m[KROS_LOG_COND[m[K(true, level, name, __VA_ARGS__)
                                   [01;36m[K^~~~~~~~~~~~[m[K
[01m[K/opt/ros/melodic/include/rosconsole/macros_generated.h:162:23:[m[K [01;36m[Knote: [m[Kin expansion of macro ‘[01m[KROS_LOG[m[K’
 #define ROS_WARN(...) [01;36m[KROS_LOG[m[K(::ros::console::levels::Warn, ROSCONSOLE_DEFAULT_NAME, __VA_ARGS__)
                       [01;36m[K^~~~~~~[m[K
[01m[K/home/isaac/uav_avoidance/src/avoidance/global_planner/src/nodes/global_planner_node.cpp:295:5:[m[K [01;36m[Knote: [m[Kin expansion of macro ‘[01m[KROS_WARN[m[K’
     [01;36m[KR[m[KOS_WARN("Transformation not available (%s to /camera_link", frame_id_);
     [01;36m[K^[m[K
[ 86%] [32m[1mLinking CXX shared library /home/isaac/uav_avoidance/devel/.private/global_planner/lib/libglobal_planner.so[0m
[ 86%] Built target global_planner
[35m[1mScanning dependencies of target global_planner_node[0m
[ 93%] [32mBuilding CXX object CMakeFiles/global_planner_node.dir/src/nodes/global_planner_node_main.cpp.o[0m
[100%] [32m[1mLinking CXX executable /home/isaac/uav_avoidance/devel/.private/global_planner/lib/global_planner/global_planner_node[0m
[100%] Built target global_planner_node
