Symlinking /home/isaac/uav_avoidance/devel/share/common-lisp/ros/phasespace/msg/FullState.lisp
Symlinking /home/isaac/uav_avoidance/devel/share/common-lisp/ros/phasespace/msg/phasespace-msg.asd
Symlinking /home/isaac/uav_avoidance/devel/share/common-lisp/ros/phasespace/msg/_package.lisp
Symlinking /home/isaac/uav_avoidance/devel/share/common-lisp/ros/phasespace/msg/_package_FullState.lisp
Symlinking /home/isaac/uav_avoidance/devel/share/roseus/ros/phasespace/manifest.l
Symlinking /home/isaac/uav_avoidance/devel/share/roseus/ros/phasespace/msg/FullState.l
Symlinking /home/isaac/uav_avoidance/devel/share/phasespace/cmake/phasespaceConfig.cmake
Symlinking /home/isaac/uav_avoidance/devel/share/phasespace/cmake/phasespace-msg-paths.cmake
Symlinking /home/isaac/uav_avoidance/devel/share/phasespace/cmake/phasespaceConfig-version.cmake
Symlinking /home/isaac/uav_avoidance/devel/share/phasespace/cmake/phasespace-msg-extras.cmake
Symlinking /home/isaac/uav_avoidance/devel/share/gennodejs/ros/phasespace/_index.js
Symlinking /home/isaac/uav_avoidance/devel/share/gennodejs/ros/phasespace/msg/FullState.js
Symlinking /home/isaac/uav_avoidance/devel/share/gennodejs/ros/phasespace/msg/_index.js
Symlinking /home/isaac/uav_avoidance/devel/lib/python2.7/dist-packages/phasespace/__init__.py
Symlinking /home/isaac/uav_avoidance/devel/lib/python2.7/dist-packages/phasespace/msg/__init__.py
Symlinking /home/isaac/uav_avoidance/devel/lib/python2.7/dist-packages/phasespace/msg/_FullState.py
Symlinking /home/isaac/uav_avoidance/devel/lib/pkgconfig/phasespace.pc
Symlinking /home/isaac/uav_avoidance/devel/lib/phasespace/filter_node
Symlinking /home/isaac/uav_avoidance/devel/lib/phasespace/phasespace_node
Symlinking /home/isaac/uav_avoidance/devel/include/phasespace/FullState.h
