Linked: (/home/isaac/uav_avoidance/devel/.private/phasespace/share/common-lisp/ros/phasespace/msg/FullState.lisp, /home/isaac/uav_avoidance/devel/share/common-lisp/ros/phasespace/msg/FullState.lisp)
Linked: (/home/isaac/uav_avoidance/devel/.private/phasespace/share/common-lisp/ros/phasespace/msg/phasespace-msg.asd, /home/isaac/uav_avoidance/devel/share/common-lisp/ros/phasespace/msg/phasespace-msg.asd)
Linked: (/home/isaac/uav_avoidance/devel/.private/phasespace/share/common-lisp/ros/phasespace/msg/_package.lisp, /home/isaac/uav_avoidance/devel/share/common-lisp/ros/phasespace/msg/_package.lisp)
Linked: (/home/isaac/uav_avoidance/devel/.private/phasespace/share/common-lisp/ros/phasespace/msg/_package_FullState.lisp, /home/isaac/uav_avoidance/devel/share/common-lisp/ros/phasespace/msg/_package_FullState.lisp)
Linked: (/home/isaac/uav_avoidance/devel/.private/phasespace/share/roseus/ros/phasespace/manifest.l, /home/isaac/uav_avoidance/devel/share/roseus/ros/phasespace/manifest.l)
Linked: (/home/isaac/uav_avoidance/devel/.private/phasespace/share/roseus/ros/phasespace/msg/FullState.l, /home/isaac/uav_avoidance/devel/share/roseus/ros/phasespace/msg/FullState.l)
Linked: (/home/isaac/uav_avoidance/devel/.private/phasespace/share/phasespace/cmake/phasespaceConfig.cmake, /home/isaac/uav_avoidance/devel/share/phasespace/cmake/phasespaceConfig.cmake)
Linked: (/home/isaac/uav_avoidance/devel/.private/phasespace/share/phasespace/cmake/phasespace-msg-paths.cmake, /home/isaac/uav_avoidance/devel/share/phasespace/cmake/phasespace-msg-paths.cmake)
Linked: (/home/isaac/uav_avoidance/devel/.private/phasespace/share/phasespace/cmake/phasespaceConfig-version.cmake, /home/isaac/uav_avoidance/devel/share/phasespace/cmake/phasespaceConfig-version.cmake)
Linked: (/home/isaac/uav_avoidance/devel/.private/phasespace/share/phasespace/cmake/phasespace-msg-extras.cmake, /home/isaac/uav_avoidance/devel/share/phasespace/cmake/phasespace-msg-extras.cmake)
Linked: (/home/isaac/uav_avoidance/devel/.private/phasespace/share/gennodejs/ros/phasespace/_index.js, /home/isaac/uav_avoidance/devel/share/gennodejs/ros/phasespace/_index.js)
Linked: (/home/isaac/uav_avoidance/devel/.private/phasespace/share/gennodejs/ros/phasespace/msg/FullState.js, /home/isaac/uav_avoidance/devel/share/gennodejs/ros/phasespace/msg/FullState.js)
Linked: (/home/isaac/uav_avoidance/devel/.private/phasespace/share/gennodejs/ros/phasespace/msg/_index.js, /home/isaac/uav_avoidance/devel/share/gennodejs/ros/phasespace/msg/_index.js)
Linked: (/home/isaac/uav_avoidance/devel/.private/phasespace/lib/python2.7/dist-packages/phasespace/__init__.py, /home/isaac/uav_avoidance/devel/lib/python2.7/dist-packages/phasespace/__init__.py)
Linked: (/home/isaac/uav_avoidance/devel/.private/phasespace/lib/python2.7/dist-packages/phasespace/msg/__init__.py, /home/isaac/uav_avoidance/devel/lib/python2.7/dist-packages/phasespace/msg/__init__.py)
Linked: (/home/isaac/uav_avoidance/devel/.private/phasespace/lib/python2.7/dist-packages/phasespace/msg/_FullState.py, /home/isaac/uav_avoidance/devel/lib/python2.7/dist-packages/phasespace/msg/_FullState.py)
Linked: (/home/isaac/uav_avoidance/devel/.private/phasespace/lib/pkgconfig/phasespace.pc, /home/isaac/uav_avoidance/devel/lib/pkgconfig/phasespace.pc)
Linked: (/home/isaac/uav_avoidance/devel/.private/phasespace/lib/phasespace/filter_node, /home/isaac/uav_avoidance/devel/lib/phasespace/filter_node)
Linked: (/home/isaac/uav_avoidance/devel/.private/phasespace/lib/phasespace/phasespace_node, /home/isaac/uav_avoidance/devel/lib/phasespace/phasespace_node)
Linked: (/home/isaac/uav_avoidance/devel/.private/phasespace/include/phasespace/FullState.h, /home/isaac/uav_avoidance/devel/include/phasespace/FullState.h)
