Determining if the pthread_create exist failed with the following output:
Change Dir: /home/isaac/uav_avoidance/build/global_planner/CMakeFiles/CMakeTmp

Run Build Command:"/usr/bin/make" "cmTC_9938d/fast"
/usr/bin/make -f CMakeFiles/cmTC_9938d.dir/build.make CMakeFiles/cmTC_9938d.dir/build
make[1]: Entering directory '/home/isaac/uav_avoidance/build/global_planner/CMakeFiles/CMakeTmp'
Building C object CMakeFiles/cmTC_9938d.dir/CheckSymbolExists.c.o
/usr/bin/cc    -o CMakeFiles/cmTC_9938d.dir/CheckSymbolExists.c.o   -c /home/isaac/uav_avoidance/build/global_planner/CMakeFiles/CMakeTmp/CheckSymbolExists.c
Linking C executable cmTC_9938d
/usr/bin/cmake -E cmake_link_script CMakeFiles/cmTC_9938d.dir/link.txt --verbose=1
/usr/bin/cc      -rdynamic CMakeFiles/cmTC_9938d.dir/CheckSymbolExists.c.o  -o cmTC_9938d 
CMakeFiles/cmTC_9938d.dir/CheckSymbolExists.c.o: In function `main':
CheckSymbolExists.c:(.text+0x1b): undefined reference to `pthread_create'
collect2: error: ld returned 1 exit status
CMakeFiles/cmTC_9938d.dir/build.make:97: recipe for target 'cmTC_9938d' failed
make[1]: *** [cmTC_9938d] Error 1
make[1]: Leaving directory '/home/isaac/uav_avoidance/build/global_planner/CMakeFiles/CMakeTmp'
Makefile:126: recipe for target 'cmTC_9938d/fast' failed
make: *** [cmTC_9938d/fast] Error 2

File /home/isaac/uav_avoidance/build/global_planner/CMakeFiles/CMakeTmp/CheckSymbolExists.c:
/* */
#include <pthread.h>

int main(int argc, char** argv)
{
  (void)argv;
#ifndef pthread_create
  return ((int*)(&pthread_create))[argc];
#else
  (void)argc;
  return 0;
#endif
}

Determining if the function pthread_create exists in the pthreads failed with the following output:
Change Dir: /home/isaac/uav_avoidance/build/global_planner/CMakeFiles/CMakeTmp

Run Build Command:"/usr/bin/make" "cmTC_b998e/fast"
/usr/bin/make -f CMakeFiles/cmTC_b998e.dir/build.make CMakeFiles/cmTC_b998e.dir/build
make[1]: Entering directory '/home/isaac/uav_avoidance/build/global_planner/CMakeFiles/CMakeTmp'
Building C object CMakeFiles/cmTC_b998e.dir/CheckFunctionExists.c.o
/usr/bin/cc   -DCHECK_FUNCTION_EXISTS=pthread_create   -o CMakeFiles/cmTC_b998e.dir/CheckFunctionExists.c.o   -c /usr/share/cmake-3.10/Modules/CheckFunctionExists.c
Linking C executable cmTC_b998e
/usr/bin/cmake -E cmake_link_script CMakeFiles/cmTC_b998e.dir/link.txt --verbose=1
/usr/bin/cc  -DCHECK_FUNCTION_EXISTS=pthread_create    -rdynamic CMakeFiles/cmTC_b998e.dir/CheckFunctionExists.c.o  -o cmTC_b998e -lpthreads 
/usr/bin/ld: cannot find -lpthreads
collect2: error: ld returned 1 exit status
CMakeFiles/cmTC_b998e.dir/build.make:97: recipe for target 'cmTC_b998e' failed
make[1]: *** [cmTC_b998e] Error 1
make[1]: Leaving directory '/home/isaac/uav_avoidance/build/global_planner/CMakeFiles/CMakeTmp'
Makefile:126: recipe for target 'cmTC_b998e/fast' failed
make: *** [cmTC_b998e/fast] Error 2


