Determining if the pthread_create exist failed with the following output:
Change Dir: /home/isaac/uav_avoidance/build/avoidance/CMakeFiles/CMakeTmp

Run Build Command:"/usr/bin/make" "cmTC_90ecb/fast"
/usr/bin/make -f CMakeFiles/cmTC_90ecb.dir/build.make CMakeFiles/cmTC_90ecb.dir/build
make[1]: Entering directory '/home/isaac/uav_avoidance/build/avoidance/CMakeFiles/CMakeTmp'
Building C object CMakeFiles/cmTC_90ecb.dir/CheckSymbolExists.c.o
/usr/bin/cc    -o CMakeFiles/cmTC_90ecb.dir/CheckSymbolExists.c.o   -c /home/isaac/uav_avoidance/build/avoidance/CMakeFiles/CMakeTmp/CheckSymbolExists.c
Linking C executable cmTC_90ecb
/usr/bin/cmake -E cmake_link_script CMakeFiles/cmTC_90ecb.dir/link.txt --verbose=1
/usr/bin/cc      -rdynamic CMakeFiles/cmTC_90ecb.dir/CheckSymbolExists.c.o  -o cmTC_90ecb 
CMakeFiles/cmTC_90ecb.dir/CheckSymbolExists.c.o: In function `main':
CheckSymbolExists.c:(.text+0x1b): undefined reference to `pthread_create'
collect2: error: ld returned 1 exit status
CMakeFiles/cmTC_90ecb.dir/build.make:97: recipe for target 'cmTC_90ecb' failed
make[1]: *** [cmTC_90ecb] Error 1
make[1]: Leaving directory '/home/isaac/uav_avoidance/build/avoidance/CMakeFiles/CMakeTmp'
Makefile:126: recipe for target 'cmTC_90ecb/fast' failed
make: *** [cmTC_90ecb/fast] Error 2

File /home/isaac/uav_avoidance/build/avoidance/CMakeFiles/CMakeTmp/CheckSymbolExists.c:
/* */
#include <pthread.h>

int main(int argc, char** argv)
{
  (void)argv;
#ifndef pthread_create
  return ((int*)(&pthread_create))[argc];
#else
  (void)argc;
  return 0;
#endif
}

Determining if the function pthread_create exists in the pthreads failed with the following output:
Change Dir: /home/isaac/uav_avoidance/build/avoidance/CMakeFiles/CMakeTmp

Run Build Command:"/usr/bin/make" "cmTC_3a7ff/fast"
/usr/bin/make -f CMakeFiles/cmTC_3a7ff.dir/build.make CMakeFiles/cmTC_3a7ff.dir/build
make[1]: Entering directory '/home/isaac/uav_avoidance/build/avoidance/CMakeFiles/CMakeTmp'
Building C object CMakeFiles/cmTC_3a7ff.dir/CheckFunctionExists.c.o
/usr/bin/cc   -DCHECK_FUNCTION_EXISTS=pthread_create   -o CMakeFiles/cmTC_3a7ff.dir/CheckFunctionExists.c.o   -c /usr/share/cmake-3.10/Modules/CheckFunctionExists.c
Linking C executable cmTC_3a7ff
/usr/bin/cmake -E cmake_link_script CMakeFiles/cmTC_3a7ff.dir/link.txt --verbose=1
/usr/bin/cc  -DCHECK_FUNCTION_EXISTS=pthread_create    -rdynamic CMakeFiles/cmTC_3a7ff.dir/CheckFunctionExists.c.o  -o cmTC_3a7ff -lpthreads 
/usr/bin/ld: cannot find -lpthreads
collect2: error: ld returned 1 exit status
CMakeFiles/cmTC_3a7ff.dir/build.make:97: recipe for target 'cmTC_3a7ff' failed
make[1]: *** [cmTC_3a7ff] Error 1
make[1]: Leaving directory '/home/isaac/uav_avoidance/build/avoidance/CMakeFiles/CMakeTmp'
Makefile:126: recipe for target 'cmTC_3a7ff/fast' failed
make: *** [cmTC_3a7ff/fast] Error 2


